<?xml version="1.0" encoding="UTF-8"?>
<!-- Generated by org.testng.reporters.JUnitXMLReporter -->
<testsuite hostname="DESKTOP-4NK7U3S" ignored="0" name="Default test" tests="4" failures="0" timestamp="13 Aug 2018 21:16:59 GMT" time="21.334" errors="0">
  <testcase name="testSeleniumOnBrowserStackCloud" time="16.899" classname="com.sscl.browserstack.TestBrowserStack"/>
  <testcase name="testSeleniumOnBrowserStackCloud" time="20.091" classname="com.sscl.browserstack.TestBrowserStack"/>
  <testcase name="testSeleniumOnBrowserStackCloud" time="21.259" classname="com.sscl.browserstack.TestBrowserStack"/>
  <testcase name="testSeleniumOnBrowserStackCloud" time="21.281" classname="com.sscl.browserstack.TestBrowserStack"/>
</testsuite> <!-- Default test -->
